2025-02-05 16:50:34,374 - INFO - ======= Serving on port 8080 =======
2025-02-05 16:50:34,376 - INFO - Watchdog config monitor started.
2025-02-05 16:50:34,480 - INFO - Health Check: 3 pending tasks. CPU: 11.5%  Memory: 43.7%
2025-02-05 16:50:35,533 - INFO - Opened browser at http://localhost:8080
2025-02-05 16:50:35,533 - INFO - Type 'exit' to initiate server shutdown.
2025-02-05 16:51:09,966 - INFO - 完全关闭选项被选中，准备关闭服务器...
2025-02-05 16:51:10,792 - INFO - Shutdown event detected. Stopping event loop...
2025-02-05 16:51:10,793 - INFO - Cleaning up server...
2025-02-05 16:51:10,793 - INFO - Initiating graceful shutdown...
2025-02-05 16:51:10,793 - INFO - Waiting for 2 tasks to finish...
2025-02-05 16:51:19,973 - INFO - Main thread exiting.
2025-02-05 17:22:50,082 - INFO - ======= Serving on port 8080 =======
2025-02-05 17:22:50,083 - INFO - Watchdog config monitor started.
2025-02-05 17:22:50,186 - INFO - Health Check: 3 pending tasks. CPU: 7.4%  Memory: 37.6%
2025-02-05 17:22:51,247 - INFO - Opened browser at http://localhost:8080
2025-02-05 17:22:51,247 - INFO - Type 'exit' to initiate server shutdown.
2025-02-05 17:23:29,469 - INFO - 完全关闭选项被选中，准备关闭服务器...
2025-02-05 17:23:29,546 - INFO - Shutdown event detected. Stopping event loop...
2025-02-05 17:23:29,546 - INFO - Cleaning up server...
2025-02-05 17:23:29,547 - INFO - Initiating graceful shutdown...
2025-02-05 17:23:29,547 - INFO - Waiting for 2 tasks to finish...
2025-02-05 17:23:39,477 - INFO - Main thread exiting.
2025-02-06 10:28:17,812 - INFO - ======= Serving on port 8080 =======
2025-02-06 10:28:17,814 - INFO - Watchdog config monitor started.
2025-02-06 10:28:17,917 - INFO - Health Check: 3 pending tasks. CPU: 0.0%  Memory: 29.2%
2025-02-06 10:28:18,958 - INFO - Opened browser at http://localhost:8080
2025-02-06 10:28:18,958 - INFO - Type 'exit' to initiate server shutdown.
2025-02-06 10:28:28,946 - INFO - 完全关闭选项被选中，准备关闭服务器...
2025-02-06 10:28:29,018 - INFO - Shutdown event detected. Stopping event loop...
2025-02-06 10:28:29,018 - INFO - Cleaning up server...
2025-02-06 10:28:29,018 - INFO - Initiating graceful shutdown...
2025-02-06 10:28:29,019 - INFO - Waiting for 4 tasks to finish...
2025-02-06 10:28:38,953 - INFO - Main thread exiting.
2025-02-06 10:36:38,927 - INFO - ======= Serving on port 8080 =======
2025-02-06 10:36:38,928 - INFO - Watchdog config monitor started.
2025-02-06 10:36:39,031 - INFO - Health Check: 3 pending tasks. CPU: 10.3%  Memory: 35.3%
2025-02-06 10:36:40,060 - INFO - Opened browser at http://localhost:8080
2025-02-06 10:36:40,060 - INFO - Type 'exit' to initiate server shutdown.
2025-02-06 10:47:05,290 - INFO - ======= Serving on port 8080 =======
2025-02-06 10:47:05,291 - INFO - Watchdog config monitor started.
2025-02-06 10:47:05,394 - INFO - Health Check: 3 pending tasks. CPU: 16.7%  Memory: 37.3%
2025-02-06 10:47:19,083 - INFO - ======= Serving on port 8080 =======
2025-02-06 10:47:19,084 - INFO - Watchdog config monitor started.
2025-02-06 10:47:38,600 - INFO - ======= Serving on port 8080 =======
2025-02-06 10:47:38,601 - INFO - Watchdog config monitor started.
2025-02-06 10:48:19,778 - INFO - ======= Serving on port 8080 =======
2025-02-06 10:48:19,780 - INFO - Watchdog config monitor started.
2025-02-06 10:48:19,882 - INFO - Health Check: 3 pending tasks. CPU: 3.8%  Memory: 30.9%
2025-02-06 10:48:20,902 - INFO - Opened browser at http://localhost:8080
2025-02-06 10:48:20,903 - INFO - Type 'exit' to initiate server shutdown.
2025-02-06 10:48:31,257 - INFO - 完全关闭选项被选中，准备关闭服务器...
2025-02-06 10:48:32,013 - INFO - Shutdown event detected. Stopping event loop...
2025-02-06 10:48:32,014 - INFO - Cleaning up server...
2025-02-06 10:48:32,014 - INFO - Initiating graceful shutdown...
2025-02-06 10:48:32,014 - INFO - Waiting for 4 tasks to finish...
2025-02-06 10:48:41,260 - INFO - Main thread exiting.
2025-02-06 10:55:07,436 - INFO - ======= Serving on port 8080 =======
2025-02-06 10:55:07,437 - INFO - Watchdog config monitor started.
2025-02-06 10:55:07,540 - INFO - Health Check: 3 pending tasks. CPU: 0.0%  Memory: 37.0%
2025-02-06 10:55:08,559 - INFO - Opened browser at http://172.18.0.1:8080
2025-02-06 10:55:08,559 - INFO - Type 'exit' to initiate server shutdown.
2025-02-06 10:55:37,609 - INFO - 完全关闭选项被选中，准备关闭服务器...
2025-02-06 10:55:37,765 - INFO - Shutdown event detected. Stopping event loop...
2025-02-06 10:55:37,765 - INFO - Cleaning up server...
2025-02-06 10:55:37,765 - INFO - Initiating graceful shutdown...
2025-02-06 10:55:37,765 - INFO - Waiting for 2 tasks to finish...
2025-02-06 10:55:47,625 - INFO - Main thread exiting.
2025-02-06 10:55:54,725 - INFO - ======= Serving on port 8080 =======
2025-02-06 10:55:54,726 - INFO - Watchdog config monitor started.
2025-02-06 10:55:54,829 - INFO - Health Check: 3 pending tasks. CPU: 3.6%  Memory: 37.1%
2025-02-06 10:55:55,847 - INFO - Opened browser at http://192.168.40.20:8080
2025-02-06 10:55:55,847 - INFO - Type 'exit' to initiate server shutdown.
2025-02-06 10:56:05,625 - INFO - 完全关闭选项被选中，准备关闭服务器...
2025-02-06 10:56:05,903 - INFO - Shutdown event detected. Stopping event loop...
2025-02-06 10:56:05,903 - INFO - Cleaning up server...
2025-02-06 10:56:05,904 - INFO - Initiating graceful shutdown...
2025-02-06 10:56:05,904 - INFO - Waiting for 4 tasks to finish...
2025-02-06 10:56:15,640 - INFO - Main thread exiting.
2025-02-06 11:10:24,692 - INFO - ======= Serving on port 8080 =======
2025-02-06 11:10:24,693 - INFO - Watchdog config monitor started.
2025-02-06 11:10:24,797 - INFO - Health Check: 3 pending tasks. CPU: 26.7%  Memory: 37.6%
2025-02-06 11:10:25,823 - INFO - Opened browser at http://192.168.40.20:8080
2025-02-06 11:10:25,823 - INFO - Type 'exit' to initiate server shutdown.
2025-02-06 11:10:32,888 - INFO - 完全关闭选项被选中，准备关闭服务器...
2025-02-06 11:10:32,888 - INFO - Server is shutting down...
2025-02-06 11:13:20,953 - INFO - ======= Serving on port 8080 =======
2025-02-06 11:13:20,954 - INFO - Watchdog config monitor started.
2025-02-06 11:13:21,057 - INFO - Health Check: 3 pending tasks. CPU: 4.2%  Memory: 37.7%
2025-02-06 11:13:22,084 - INFO - Opened browser at http://192.168.40.20:8080
2025-02-06 11:13:22,085 - INFO - Type 'exit' to initiate server shutdown.
2025-02-06 11:13:31,328 - INFO - 完全关闭选项被选中，准备关闭服务器...
2025-02-06 11:13:31,329 - INFO - Server is shutting down...
2025-02-06 11:13:32,157 - INFO - Shutdown event detected. Stopping event loop...
2025-02-06 11:13:32,157 - INFO - Cleaning up server...
2025-02-06 11:13:32,157 - INFO - Initiating graceful shutdown...
2025-02-06 11:13:32,157 - INFO - Waiting for 4 tasks to finish...
2025-02-06 11:17:29,701 - INFO - ======= Serving on port 8080 =======
2025-02-06 11:17:29,702 - INFO - Watchdog config monitor started.
2025-02-06 11:17:29,804 - INFO - Health Check: 3 pending tasks. CPU: 0.0%  Memory: 37.2%
2025-02-06 11:17:30,822 - INFO - Opened browser at http://192.168.40.20:8080
2025-02-06 11:17:30,822 - INFO - Type 'exit' to initiate server shutdown.
2025-02-06 11:17:41,669 - INFO - 完全关闭选项被选中，准备关闭服务器...
2025-02-06 11:17:41,669 - INFO - Server is shutting down...
2025-02-06 11:17:41,887 - INFO - Shutdown event detected. Stopping event loop...
2025-02-06 11:17:41,887 - INFO - Cleaning up server...
2025-02-06 11:17:41,887 - INFO - Initiating graceful shutdown...
2025-02-06 11:17:41,888 - INFO - Waiting for 4 tasks to finish...
2025-02-06 11:17:51,684 - INFO - Main thread exiting.
2025-02-06 11:20:14,487 - INFO - ======= Serving on port 8080 =======
2025-02-06 11:20:14,488 - INFO - Watchdog config monitor started.
2025-02-06 11:20:14,591 - INFO - Health Check: 3 pending tasks. CPU: 0.0%  Memory: 37.2%
2025-02-06 11:20:15,609 - INFO - Opened browser at http://192.168.40.20:8080
2025-02-06 11:20:15,610 - INFO - Type 'exit' to initiate server shutdown.
2025-02-06 11:20:23,830 - INFO - 完全关闭选项被选中，准备关闭服务器...
2025-02-06 11:20:23,831 - INFO - Server is shutting down...
2025-02-06 11:20:24,683 - INFO - Shutdown event detected. Stopping event loop...
2025-02-06 11:20:24,683 - INFO - Cleaning up server...
2025-02-06 11:20:24,684 - INFO - Initiating graceful shutdown...
2025-02-06 11:20:24,684 - INFO - Waiting for 4 tasks to finish...
2025-02-06 11:20:33,847 - INFO - Main thread exiting.
2025-02-06 11:21:05,797 - INFO - ======= Serving on port 8080 =======
2025-02-06 11:21:05,798 - INFO - Watchdog config monitor started.
2025-02-06 11:21:05,901 - INFO - Health Check: 3 pending tasks. CPU: 0.0%  Memory: 37.3%
2025-02-06 11:21:06,924 - INFO - Opened browser at http://192.168.40.20:8080
2025-02-06 11:21:06,924 - INFO - Type 'exit' to initiate server shutdown.
2025-02-06 11:21:12,865 - INFO - Unknown command: exitt
2025-02-06 11:21:18,994 - INFO - 完全关闭选项被选中，准备关闭服务器...
2025-02-06 11:21:18,994 - INFO - Server is shutting down...
2025-02-06 11:21:20,000 - INFO - Shutdown event detected. Stopping event loop...
2025-02-06 11:21:20,000 - INFO - Cleaning up server...
2025-02-06 11:21:20,000 - INFO - Initiating graceful shutdown...
2025-02-06 11:21:20,001 - INFO - Waiting for 4 tasks to finish...
2025-02-06 11:25:08,759 - INFO - ======= Serving on port 8080 =======
2025-02-06 11:25:08,760 - INFO - Watchdog config monitor started.
2025-02-06 11:25:08,863 - INFO - Health Check: 3 pending tasks. CPU: 12.0%  Memory: 38.2%
2025-02-06 11:25:09,881 - INFO - Opened browser at http://192.168.40.20:8080
2025-02-06 11:25:09,881 - INFO - Type 'exit' to initiate server shutdown.
2025-02-06 11:25:19,692 - INFO - 完全关闭选项被选中，准备关闭服务器...
2025-02-06 11:25:19,692 - INFO - Server is shutting down...
2025-02-06 11:25:19,952 - INFO - Shutdown event detected. Stopping event loop...
2025-02-06 11:25:19,952 - INFO - Cleaning up server...
2025-02-06 11:25:19,953 - INFO - Initiating graceful shutdown...
2025-02-06 11:25:19,953 - INFO - Waiting for 4 tasks to finish...
2025-02-06 11:25:29,705 - INFO - Main thread exiting.
2025-02-06 11:25:48,293 - INFO - ======= Serving on port 8080 =======
2025-02-06 11:25:48,294 - INFO - Watchdog config monitor started.
2025-02-06 11:25:48,397 - INFO - Health Check: 3 pending tasks. CPU: 0.0%  Memory: 38.0%
2025-02-06 11:25:49,426 - INFO - Opened browser at http://192.168.40.20:8080
2025-02-06 11:25:49,427 - INFO - Type 'exit' to initiate server shutdown.
2025-02-06 11:25:59,796 - INFO - 完全关闭选项被选中，准备关闭服务器...
2025-02-06 11:25:59,797 - INFO - Server is shutting down...
2025-02-06 11:26:00,508 - INFO - Shutdown event detected. Stopping event loop...
2025-02-06 11:26:00,508 - INFO - Cleaning up server...
2025-02-06 11:26:00,508 - INFO - Initiating graceful shutdown...
2025-02-06 11:26:00,508 - INFO - Waiting for 4 tasks to finish...
2025-02-06 11:26:09,809 - INFO - Main thread exiting.
2025-02-06 13:58:40,930 - INFO - ======= Serving on port 8080 =======
2025-02-06 13:58:40,931 - INFO - Watchdog config monitor started.
2025-02-06 13:58:41,034 - INFO - Health Check: 3 pending tasks. CPU: 0.0%  Memory: 46.9%
2025-02-06 13:58:42,061 - INFO - Opened browser at http://192.168.40.20:8080
2025-02-06 13:58:42,062 - INFO - Type 'exit' to initiate server shutdown.
2025-02-06 13:58:55,922 - INFO - 完全关闭选项被选中，准备关闭服务器...
2025-02-06 13:58:55,923 - INFO - Server is shutting down...
2025-02-06 13:58:56,137 - INFO - Shutdown event detected. Stopping event loop...
2025-02-06 13:58:56,138 - INFO - Cleaning up server...
2025-02-06 13:58:56,138 - INFO - Initiating graceful shutdown...
2025-02-06 13:58:56,138 - INFO - Waiting for 4 tasks to finish...
2025-02-06 13:59:05,938 - INFO - Main thread exiting.
2025-02-06 14:23:58,366 - INFO - ======= Serving on port 8080 =======
2025-02-06 14:23:58,367 - INFO - Watchdog config monitor started.
2025-02-06 14:23:58,470 - INFO - Health Check: 3 pending tasks. CPU: 0.0%  Memory: 44.4%
2025-02-06 14:23:59,492 - INFO - Opened browser at http://192.168.40.20:8080
2025-02-06 14:23:59,492 - INFO - Type 'exit' to initiate server shutdown.
2025-02-06 14:24:08,724 - INFO - 完全关闭选项被选中，准备关闭服务器...
2025-02-06 14:24:08,725 - INFO - Server is shutting down...
2025-02-06 14:24:09,540 - INFO - Shutdown event detected. Stopping event loop...
2025-02-06 14:24:09,540 - INFO - Cleaning up server...
2025-02-06 14:24:09,541 - INFO - Initiating graceful shutdown...
2025-02-06 14:24:09,541 - INFO - Waiting for 4 tasks to finish...
2025-02-06 14:24:18,730 - INFO - Main thread exiting.
